make.exe all --print-data-base --no-builtin-variables --no-builtin-rules --question
make.exe: *** No rule to make target 'all'.  Stop.
 
# GNU Make 4.2.1
# Built for x86_64-w64-mingw32
# Copyright (C) 1988-2016 Free Software Foundation, Inc.
# License GPLv3+: GNU GPL version 3 or later <http://gnu.org/licenses/gpl.html>
# This is free software: you are free to change and redistribute it.
# There is NO WARRANTY, to the extent permitted by law.

# Make data base, printed on Mon Mar 07 22:08:59 2022

# Variables

# 'override' directive
GNUMAKEFLAGS := 
# automatic
<D = $(patsubst %/,%,$(patsubst %\,%,$(dir $<)))
# automatic
?F = $(notdir $?)
# default
.SHELLFLAGS := -c
# makefile
MAKEFLAGS = pqrR
# environment
VSCODE_LOG_NATIVE = false
# automatic
?D = $(patsubst %/,%,$(patsubst %\,%,$(dir $?)))
# environment
PLATFORMIO_IDE = 2.4.2
# automatic
@D = $(patsubst %/,%,$(patsubst %\,%,$(dir $@)))
# environment
HOMEDRIVE = C:
# automatic
@F = $(notdir $@)
# automatic
^D = $(patsubst %/,%,$(patsubst %\,%,$(dir $^)))
# makefile
CURDIR := c:/Users/mg/Documents/MCUXpressoIDE_11.5.0_7232/workspace/evkmimxrt1170_freertos_hello_cm7
# default
SHELL := sh.exe
# environment
WINDIR = C:\WINDOWS
# environment
VSCODE_NLS_CONFIG = {"locale":"en-us","availableLanguages":{},"_languagePackSupport":true}
# environment
ONEDRIVE = C:\Users\mg\OneDrive
# environment
PATHEXT = .COM;.EXE;.BAT;.CMD;.VBS;.VBE;.JS;.JSE;.WSF;.WSH;.MSC;.PL;.WPL;.PY;.PYW
# makefile
MAKEFILE_LIST := 
# environment
FPS_BROWSER_USER_PROFILE_STRING = Default
# environment
TMP = C:\Users\mg\AppData\Local\Temp
# environment
VSCODE_VERBOSE_LOGGING = true
# environment
PROGRAMW6432 = C:\Program Files
# environment
PROGRAMDATA = C:\ProgramData
# environment
VSCODE_IPC_HOOK_EXTHOST = \\.\pipe\vscode-ipc-bbf127e8-0d06-4b78-94bd-e185e8e1b5db-sock
# environment
VSCODE_CWD = C:\Users\mg\AppData\Local\Programs\Microsoft VS Code
# default
MAKE_HOST := x86_64-w64-mingw32
# environment
NO_PROXY = 127.0.0.1
# environment
COMMONPROGRAMW6432 = C:\Program Files\Common Files
# environment
CHOCOLATEYLASTPATHUPDATE = 132676195980804156
# environment
PROCESSOR_ARCHITECTURE = AMD64
# environment
USERPROFILE = C:\Users\mg
# environment
CHOCOLATEYINSTALL = C:\ProgramData\chocolatey
# environment
ALLUSERSPROFILE = C:\ProgramData
# environment
VSCODE_LOG_STACK = false
# environment
NUMBER_OF_PROCESSORS = 8
# environment
ELECTRON_RUN_AS_NODE = 1
# default
.FEATURES := target-specific order-only second-expansion else-if shortest-stem undefine oneshell archives jobserver output-sync
# automatic
%F = $(notdir $%)
# environment
CHROME_CRASHPAD_PIPE_NAME = \\.\pipe\crashpad_9156_EWNNPKSADZOXHDON
# environment
VSCODE_PIPE_LOGGING = true
# environment
COMPUTERNAME = MUMINLAPTOP
# environment
PROGRAMFILES = C:\Program Files
# default
.LOADED := 
# environment
DRIVERDATA = C:\Windows\System32\Drivers\DriverData
# environment
ORIGINAL_XDG_CURRENT_DESKTOP = undefined
# environment
AVR32_HOME = C:\WinAVR-20100110
# environment
USERNAME = mg
# environment
PUBLIC = C:\Users\Public
# environment
VSCODE_AMD_ENTRYPOINT = vs/workbench/api/node/extensionHostProcess
# environment
VSCODE_CODE_CACHE_PATH = C:\Users\mg\AppData\Roaming\Code\CachedData\b5205cc8eb4fbaa726835538cd82372cc0222d43
# environment
APPLICATION_INSIGHTS_NO_DIAGNOSTIC_CHANNEL = 1
# environment
COMMONPROGRAMFILES = C:\Program Files\Common Files
# environment
LOGONSERVER = \\MUMINLAPTOP
# environment
VSCODE_HANDLES_UNCAUGHT_ERRORS = true
# environment
USERDOMAIN = MUMINLAPTOP
# environment
MAKELEVEL := 0
# environment
PLATFORMIO_PATH = C:\Users\mg\.platformio\python3;C:\Users\mg\AppData\Local\Programs\Python\Python39\Scripts\;C:\Users\mg\AppData\Local\Programs\Python\Python39\;C:\Perl64\bin;C:\Users\mg\AppData\Roaming\ActiveState\bin;C:\Program Files (x86)\Common Files\Oracle\Java\javapath;C:\WINDOWS\system32;C:\WINDOWS;C:\WINDOWS\System32\Wbem;C:\WINDOWS\System32\WindowsPowerShell\v1.0\;C:\WINDOWS\System32\OpenSSH\;C:\Program Files\NVIDIA Corporation\NVIDIA NvDLISR;C:\Program Files\Git\cmd;C:\Program Files\Microsoft SQL Server\130\Tools\Binn\;C:\CMake\bin;C:\Program Files\PuTTY\;C:\Program Files\nodejs\;C:\ProgramData\chocolatey\bin;C:\Users\mg\AppData\Local\Microsoft\WindowsApps;C:\mingw\mingw64\bin;C:\Users\mg\AppData\Local\Programs\Microsoft VS Code\bin;C:\Users\mg\AppData\Roaming\npm;C:\Program Files (x86)\Nmap;;C:\Users\mg\AppData\Local\Programs\Python\Python39\Scripts\;C:\Users\mg\AppData\Local\Programs\Python\Python39\;C:\Perl64\bin;C:\Users\mg\AppData\Roaming\ActiveState\bin;C:\Program Files (x86)\Common Files\Oracle\Java\javapath;C:\WINDOWS\system32;C:\WINDOWS;C:\WINDOWS\System32\Wbem;C:\WINDOWS\System32\WindowsPowerShell\v1.0\;C:\WINDOWS\System32\OpenSSH\;C:\Program Files\NVIDIA Corporation\NVIDIA NvDLISR;C:\Program Files\Git\cmd;C:\Program Files\Microsoft SQL Server\130\Tools\Binn\;C:\CMake\bin;C:\Program Files\PuTTY\;C:\Program Files\nodejs\;C:\ProgramData\chocolatey\bin;C:\Users\mg\AppData\Local\Microsoft\WindowsApps;C:\mingw\mingw64\bin;C:\Users\mg\AppData\Local\Programs\Microsoft VS Code\bin;C:\Users\mg\AppData\Roaming\npm;C:\Program Files (x86)\Nmap;
# default
MAKE = $(MAKE_COMMAND)
# default
MAKECMDGOALS := all
# environment
PATH = C:\Users\mg\AppData\Local\Programs\Python\Python39\Scripts\;C:\Users\mg\AppData\Local\Programs\Python\Python39\;C:\Perl64\bin;C:\Users\mg\AppData\Roaming\ActiveState\bin;C:\Program Files (x86)\Common Files\Oracle\Java\javapath;C:\WINDOWS\system32;C:\WINDOWS;C:\WINDOWS\System32\Wbem;C:\WINDOWS\System32\WindowsPowerShell\v1.0\;C:\WINDOWS\System32\OpenSSH\;C:\Program Files\NVIDIA Corporation\NVIDIA NvDLISR;C:\Program Files\Git\cmd;C:\Program Files\Microsoft SQL Server\130\Tools\Binn\;C:\CMake\bin;C:\Program Files\PuTTY\;C:\Program Files\nodejs\;C:\ProgramData\chocolatey\bin;C:\Users\mg\AppData\Local\Microsoft\WindowsApps;C:\mingw\mingw64\bin;C:\Users\mg\AppData\Local\Programs\Microsoft VS Code\bin;C:\Users\mg\AppData\Roaming\npm;C:\Program Files (x86)\Nmap;
# default
MAKE_VERSION := 4.2.1
# makefile
.DEFAULT_GOAL := 
# environment
PROGRAMFILES(X86) = C:\Program Files (x86)
# automatic
%D = $(patsubst %/,%,$(patsubst %\,%,$(dir $%)))
# environment
LOCALAPPDATA = C:\Users\mg\AppData\Local
# environment
PSMODULEPATH = C:\Program Files\WindowsPowerShell\Modules;C:\WINDOWS\system32\WindowsPowerShell\v1.0\Modules
# default
MAKE_COMMAND := make.exe
# default
.VARIABLES := 
# automatic
*F = $(notdir $*)
# environment
PROCESSOR_IDENTIFIER = Intel64 Family 6 Model 126 Stepping 5, GenuineIntel
# environment
OS = Windows_NT
# environment
VSCODE_IPC_HOOK = \\.\pipe\ff6cd1cf0b583095a08c562174e62519-1.65.0-main-sock
# environment
HOMEPATH = \Users\mg
# environment
COMMONPROGRAMFILES(X86) = C:\Program Files (x86)\Common Files
# environment
PROMPT = $P$G
# environment
MFLAGS = -pqrR
# automatic
*D = $(patsubst %/,%,$(patsubst %\,%,$(dir $*)))
# environment
SYSTEMROOT = C:\WINDOWS
# automatic
+D = $(patsubst %/,%,$(patsubst %\,%,$(dir $+)))
# automatic
+F = $(notdir $+)
# environment
APPDATA = C:\Users\mg\AppData\Roaming
# environment
TEMP = C:\Users\mg\AppData\Local\Temp
# environment
COMSPEC = C:\WINDOWS\system32\cmd.exe
# default
MAKEFILES := 
# automatic
<F = $(notdir $<)
# environment
PLATFORMIO_CALLER = vscode
# environment
LC_ALL = C
# automatic
^F = $(notdir $^)
# default
SUFFIXES := 
# environment
SYSTEMDRIVE = C:
# environment
SESSIONNAME = Console
# environment
PROCESSOR_REVISION = 7e05
# environment
MOZ_PLUGIN_PATH = C:\Program Files (x86)\Foxit Software\Foxit Reader\plugins\
# default
.RECIPEPREFIX := 
# environment
LANG = C
# environment
PROCESSOR_LEVEL = 6
# environment
FPS_BROWSER_APP_PROFILE_STRING = Internet Explorer
# environment
VSCODE_PID = 9156
# environment
USERDOMAIN_ROAMINGPROFILE = MUMINLAPTOP
# variable set hash-table stats:
# Load=100/1024=10%, Rehash=0, Collisions=18/118=15%

# Pattern-specific Variable Values

# No pattern-specific variable values.

# Directories

# . (key c:/Users/mg/Documents/MCUXpressoIDE_11.5.0_7232/workspace/evkmimxrt1170_freertos_hello_cm7, mtime 1646656338): 21 files, no impossibilities.

# 21 files, no impossibilities in 1 directories.

# Implicit Rules

# No implicit rules.

# Files

# Not a target:
all:
#  Command line target.
#  Implicit rule search has been done.
#  File does not exist.
#  File has not been updated.

# Not a target:
Makefile:
#  Implicit rule search has been done.
#  File does not exist.
#  File has been updated.
#  Failed to be updated.

# Not a target:
makefile:
#  Implicit rule search has been done.
#  File does not exist.
#  File has been updated.
#  Failed to be updated.

# Not a target:
makefile.mak:
#  Implicit rule search has been done.
#  File does not exist.
#  File has been updated.
#  Failed to be updated.

# Not a target:
.DEFAULT:
#  Implicit rule search has not been done.
#  Modification time never checked.
#  File has not been updated.

# Not a target:
GNUmakefile:
#  Implicit rule search has been done.
#  File does not exist.
#  File has been updated.
#  Failed to be updated.

# files hash-table stats:
# Load=7/1024=1%, Rehash=0, Collisions=0/16=0%
# VPATH Search Paths

# No 'vpath' search paths.

# No general ('VPATH' variable) search path.

# strcache buffers: 1 (0) / strings = 28 / storage = 292 B / avg = 10 B
# current buf: size = 8162 B / used = 292 B / count = 28 / avg = 10 B

# strcache performance: lookups = 30 / hit rate = 6%
# hash-table stats:
# Load=28/8192=0%, Rehash=0, Collisions=1/30=3%
# Finished Make data base on Mon Mar 07 22:08:59 2022

 
